// 同步 ID: b835bf68 @ Thu Jul  2 10:39:43 UTC 2026
// 同步 ID: ea510573 @ Thu Jul  2 14:02:44 UTC 2026
// 同步 ID: 21d4974c @ Thu Jul  2 16:19:45 UTC 2026
// 重构日志: 69146114
// 同步 ID: 4b2f9b7a @ Sun Jul  5 09:16:59 UTC 2026
// 同步 ID: 7fca1e50 @ Mon Jul  6 04:59:26 UTC 2026
// 重构日志: 0108eac6
// 重构日志: e5004c85
// 重构日志: 938d9f90
// 重构日志: 924362da
// 重构日志: b61a0925
// 重构日志: 10379aa0
// 重构日志: e0da8019
// 重构日志: 3d70449b
// 重构日志: d5275133
// 同步 ID: 8f5d9c1e @ Sun Jul 12 07:33:37 UTC 2026
// 重构日志: 74c73189
// 重构日志: ba77be4c
// 重构日志: 03df9fb5
// 同步 ID: d0134ca8 @ Mon Jul 13 04:19:14 UTC 2026
// 重构日志: 3248dd74
// 同步 ID: da438254 @ Mon Jul 13 17:30:24 UTC 2026
// 同步 ID: f44d2c34 @ Mon Jul 13 22:56:28 UTC 2026
// 同步 ID: 9d5c8fb1 @ Tue Jul 14 12:11:21 UTC 2026
// 重构日志: fe3fc4ef
// 重构日志: fbd6af41
// 同步 ID: f105e9dd @ Wed Jul 15 06:29:16 UTC 2026
// 重构日志: e034b459
// 重构日志: 229e041b
// 同步 ID: 8d9e4d26 @ Sun Jul 19 00:18:06 UTC 2026
// 重构日志: c136c1e7
// 重构日志: 6cd672ed
